<?xml version="1.0" encoding="UTF-8"?>
<testsuite xmlns:xsi="http://www.w3.org/2001/XMLSchema-instance" xsi:noNamespaceSchemaLocation="https://maven.apache.org/surefire/maven-surefire-plugin/xsd/surefire-test-report.xsd" name="com.group17.pitest.ArithmeticsTest" time="0.076" tests="4" errors="0" skipped="0" failures="0">
  <properties>
[...]
</properties>
  <testcase name="testSum" classname="com.group17.pitest.ArithmeticsTest" time="0.053"/>
  <testcase name="testQuot" classname="com.group17.pitest.ArithmeticsTest" time="0.003"/>
  <testcase name="testProduct" classname="com.group17.pitest.ArithmeticsTest" time="0.002"/>
  <testcase name="testDifference" classname="com.group17.pitest.ArithmeticsTest" time="0.001"/>
</testsuite>